<?xml version="1.0" encoding="UTF-8"?>
<!-- Generated by org.testng.reporters.JUnitReportReporter -->
<testsuite skipped="0" hostname="YP1007034LT" name="com.sample.Scripts.Invoke" tests="1" failures="0" timestamp="2019-09-21T00:12:36 IST" time="38.977" errors="0">
  <testcase name="invokeApp" time="38.977" classname="com.sample.Scripts.Invoke"/>
</testsuite> <!-- com.sample.Scripts.Invoke -->
